<?xml version="1.0" encoding="UTF-8"?>
<testsuite xmlns:xsi="http://www.w3.org/2001/XMLSchema-instance" xsi:noNamespaceSchemaLocation="https://maven.apache.org/surefire/maven-surefire-plugin/xsd/surefire-test-report.xsd" name="step_definitions.RunCukesTest" time="191.746" tests="53" errors="0" skipped="0" failures="0">
  <properties>
    <property name="gopherProxySet" value="false"/>
    <property name="awt.toolkit" value="sun.lwawt.macosx.LWCToolkit"/>
    <property name="file.encoding.pkg" value="sun.io"/>
    <property name="java.specification.version" value="1.8"/>
    <property name="sun.cpu.isalist" value=""/>
    <property name="sun.jnu.encoding" value="UTF-8"/>
    <property name="java.class.path" value="/Users/arisahazriaty/eclipse-workspace/BigProject-Cicle/BigProject/target/test-classes:/Users/arisahazriaty/eclipse-workspace/BigProject-Cicle/BigProject/target/classes:/Users/arisahazriaty/.m2/repository/info/cukes/cucumber-java/1.2.5/cucumber-java-1.2.5.jar:/Users/arisahazriaty/.m2/repository/info/cukes/cucumber-core/1.2.5/cucumber-core-1.2.5.jar:/Users/arisahazriaty/.m2/repository/info/cukes/cucumber-html/0.2.3/cucumber-html-0.2.3.jar:/Users/arisahazriaty/.m2/repository/info/cukes/cucumber-jvm-deps/1.0.5/cucumber-jvm-deps-1.0.5.jar:/Users/arisahazriaty/.m2/repository/info/cukes/gherkin/2.12.2/gherkin-2.12.2.jar:/Users/arisahazriaty/.m2/repository/info/cukes/cucumber-junit/1.2.5/cucumber-junit-1.2.5.jar:/Users/arisahazriaty/.m2/repository/org/seleniumhq/selenium/selenium-java/3.141.59/selenium-java-3.141.59.jar:/Users/arisahazriaty/.m2/repository/org/seleniumhq/selenium/selenium-api/3.141.59/selenium-api-3.141.59.jar:/Users/arisahazriaty/.m2/repository/org/seleniumhq/selenium/selenium-chrome-driver/3.141.59/selenium-chrome-driver-3.141.59.jar:/Users/arisahazriaty/.m2/repository/org/seleniumhq/selenium/selenium-edge-driver/3.141.59/selenium-edge-driver-3.141.59.jar:/Users/arisahazriaty/.m2/repository/org/seleniumhq/selenium/selenium-firefox-driver/3.141.59/selenium-firefox-driver-3.141.59.jar:/Users/arisahazriaty/.m2/repository/org/seleniumhq/selenium/selenium-ie-driver/3.141.59/selenium-ie-driver-3.141.59.jar:/Users/arisahazriaty/.m2/repository/org/seleniumhq/selenium/selenium-opera-driver/3.141.59/selenium-opera-driver-3.141.59.jar:/Users/arisahazriaty/.m2/repository/org/seleniumhq/selenium/selenium-remote-driver/3.141.59/selenium-remote-driver-3.141.59.jar:/Users/arisahazriaty/.m2/repository/org/seleniumhq/selenium/selenium-safari-driver/3.141.59/selenium-safari-driver-3.141.59.jar:/Users/arisahazriaty/.m2/repository/org/seleniumhq/selenium/selenium-support/3.141.59/selenium-support-3.141.59.jar:/Users/arisahazriaty/.m2/repository/net/bytebuddy/byte-buddy/1.8.15/byte-buddy-1.8.15.jar:/Users/arisahazriaty/.m2/repository/org/apache/commons/commons-exec/1.3/commons-exec-1.3.jar:/Users/arisahazriaty/.m2/repository/com/google/guava/guava/25.0-jre/guava-25.0-jre.jar:/Users/arisahazriaty/.m2/repository/com/google/code/findbugs/jsr305/1.3.9/jsr305-1.3.9.jar:/Users/arisahazriaty/.m2/repository/org/checkerframework/checker-compat-qual/2.0.0/checker-compat-qual-2.0.0.jar:/Users/arisahazriaty/.m2/repository/com/google/errorprone/error_prone_annotations/2.1.3/error_prone_annotations-2.1.3.jar:/Users/arisahazriaty/.m2/repository/com/google/j2objc/j2objc-annotations/1.1/j2objc-annotations-1.1.jar:/Users/arisahazriaty/.m2/repository/org/codehaus/mojo/animal-sniffer-annotations/1.14/animal-sniffer-annotations-1.14.jar:/Users/arisahazriaty/.m2/repository/com/squareup/okhttp3/okhttp/3.11.0/okhttp-3.11.0.jar:/Users/arisahazriaty/.m2/repository/com/squareup/okio/okio/1.14.0/okio-1.14.0.jar:/Users/arisahazriaty/.m2/repository/junit/junit/4.13.1/junit-4.13.1.jar:/Users/arisahazriaty/.m2/repository/org/hamcrest/hamcrest-core/1.3/hamcrest-core-1.3.jar:/Users/arisahazriaty/.m2/repository/org/apache/logging/log4j/log4j-core/2.14.0/log4j-core-2.14.0.jar:/Users/arisahazriaty/.m2/repository/org/apache/logging/log4j/log4j-api/2.14.0/log4j-api-2.14.0.jar:/Users/arisahazriaty/.m2/repository/org/apache/poi/poi-ooxml/3.9/poi-ooxml-3.9.jar:/Users/arisahazriaty/.m2/repository/org/apache/poi/poi-ooxml-schemas/3.9/poi-ooxml-schemas-3.9.jar:/Users/arisahazriaty/.m2/repository/org/apache/xmlbeans/xmlbeans/2.3.0/xmlbeans-2.3.0.jar:/Users/arisahazriaty/.m2/repository/stax/stax-api/1.0.1/stax-api-1.0.1.jar:/Users/arisahazriaty/.m2/repository/dom4j/dom4j/1.6.1/dom4j-1.6.1.jar:/Users/arisahazriaty/.m2/repository/org/apache/poi/poi/5.0.0/poi-5.0.0.jar:/Users/arisahazriaty/.m2/repository/org/slf4j/slf4j-api/1.7.30/slf4j-api-1.7.30.jar:/Users/arisahazriaty/.m2/repository/org/slf4j/jcl-over-slf4j/1.7.30/jcl-over-slf4j-1.7.30.jar:/Users/arisahazriaty/.m2/repository/commons-codec/commons-codec/1.15/commons-codec-1.15.jar:/Users/arisahazriaty/.m2/repository/org/apache/commons/commons-collections4/4.4/commons-collections4-4.4.jar:/Users/arisahazriaty/.m2/repository/org/apache/commons/commons-math3/3.6.1/commons-math3-3.6.1.jar:/Users/arisahazriaty/.m2/repository/com/zaxxer/SparseBitSet/1.2/SparseBitSet-1.2.jar:/Users/arisahazriaty/.m2/repository/xml-apis/xml-apis/1.0.b2/xml-apis-1.0.b2.jar:/Users/arisahazriaty/.m2/repository/xerces/xercesImpl/2.12.1/xercesImpl-2.12.1.jar:/Users/arisahazriaty/.m2/repository/com/github/javafaker/javafaker/1.0.2/javafaker-1.0.2.jar:/Users/arisahazriaty/.m2/repository/org/apache/commons/commons-lang3/3.5/commons-lang3-3.5.jar:/Users/arisahazriaty/.m2/repository/org/yaml/snakeyaml/1.23/snakeyaml-1.23-android.jar:/Users/arisahazriaty/.m2/repository/com/github/mifmif/generex/1.0.2/generex-1.0.2.jar:/Users/arisahazriaty/.m2/repository/dk/brics/automaton/automaton/1.11-8/automaton-1.11-8.jar:/Users/arisahazriaty/.m2/repository/net/masterthought/cucumber-reporting/1.0.0/cucumber-reporting-1.0.0.jar:/Users/arisahazriaty/.m2/repository/com/google/code/gson/gson/2.4/gson-2.4.jar:/Users/arisahazriaty/.m2/repository/org/apache/velocity/velocity/1.7/velocity-1.7.jar:/Users/arisahazriaty/.m2/repository/commons-collections/commons-collections/3.2.1/commons-collections-3.2.1.jar:/Users/arisahazriaty/.m2/repository/commons-lang/commons-lang/2.4/commons-lang-2.4.jar:/Users/arisahazriaty/.m2/repository/velocity-tools/velocity-tools/1.4/velocity-tools-1.4.jar:/Users/arisahazriaty/.m2/repository/joda-time/joda-time/2.9.1/joda-time-2.9.1.jar:/Users/arisahazriaty/.m2/repository/commons-io/commons-io/2.4/commons-io-2.4.jar:/Users/arisahazriaty/.m2/repository/net/lingala/zip4j/zip4j/1.3.2/zip4j-1.3.2.jar:/Users/arisahazriaty/.m2/repository/org/apache/maven/plugins/maven-gpg-plugin/1.6/maven-gpg-plugin-1.6.jar:/Users/arisahazriaty/.m2/repository/org/apache/maven/maven-plugin-api/2.2.1/maven-plugin-api-2.2.1.jar:/Users/arisahazriaty/.m2/repository/org/apache/maven/maven-project/2.2.1/maven-project-2.2.1.jar:/Users/arisahazriaty/.m2/repository/org/apache/maven/maven-settings/2.2.1/maven-settings-2.2.1.jar:/Users/arisahazriaty/.m2/repository/org/apache/maven/maven-profile/2.2.1/maven-profile-2.2.1.jar:/Users/arisahazriaty/.m2/repository/org/apache/maven/maven-artifact-manager/2.2.1/maven-artifact-manager-2.2.1.jar:/Users/arisahazriaty/.m2/repository/org/apache/maven/wagon/wagon-provider-api/1.0-beta-6/wagon-provider-api-1.0-beta-6.jar:/Users/arisahazriaty/.m2/repository/backport-util-concurrent/backport-util-concurrent/3.1/backport-util-concurrent-3.1.jar:/Users/arisahazriaty/.m2/repository/org/apache/maven/maven-plugin-registry/2.2.1/maven-plugin-registry-2.2.1.jar:/Users/arisahazriaty/.m2/repository/org/codehaus/plexus/plexus-interpolation/1.11/plexus-interpolation-1.11.jar:/Users/arisahazriaty/.m2/repository/org/codehaus/plexus/plexus-container-default/1.0-alpha-9-stable-1/plexus-container-default-1.0-alpha-9-stable-1.jar:/Users/arisahazriaty/.m2/repository/classworlds/classworlds/1.1-alpha-2/classworlds-1.1-alpha-2.jar:/Users/arisahazriaty/.m2/repository/org/apache/maven/maven-artifact/2.2.1/maven-artifact-2.2.1.jar:/Users/arisahazriaty/.m2/repository/org/apache/maven/maven-repository-metadata/2.2.1/maven-repository-metadata-2.2.1.jar:/Users/arisahazriaty/.m2/repository/org/apache/maven/maven-model/2.2.1/maven-model-2.2.1.jar:/Users/arisahazriaty/.m2/repository/org/codehaus/plexus/plexus-utils/3.0.20/plexus-utils-3.0.20.jar:/Users/arisahazriaty/.m2/repository/org/sonatype/plexus/plexus-sec-dispatcher/1.4/plexus-sec-dispatcher-1.4.jar:/Users/arisahazriaty/.m2/repository/org/sonatype/plexus/plexus-cipher/1.4/plexus-cipher-1.4.jar:/Users/arisahazriaty/.m2/repository/org/jsoup/jsoup/1.8.3/jsoup-1.8.3.jar:"/>
    <property name="java.vm.vendor" value="Oracle Corporation"/>
    <property name="sun.arch.data.model" value="64"/>
    <property name="java.vendor.url" value="http://java.oracle.com/"/>
    <property name="user.timezone" value=""/>
    <property name="java.vm.specification.version" value="1.8"/>
    <property name="os.name" value="Mac OS X"/>
    <property name="user.country" value="ID"/>
    <property name="sun.java.launcher" value="SUN_STANDARD"/>
    <property name="sun.boot.library.path" value="/Library/Java/JavaVirtualMachines/jdk1.8.0_221.jdk/Contents/Home/jre/lib"/>
    <property name="sun.java.command" value="/Users/arisahazriaty/eclipse-workspace/BigProject-Cicle/BigProject/target/surefire/surefirebooter4731344209381573623.jar /Users/arisahazriaty/eclipse-workspace/BigProject-Cicle/BigProject/target/surefire 2021-10-23T11-16-16_906-jvmRun1 surefire2448193080078700015tmp surefire_02853892487171846797tmp"/>
    <property name="http.nonProxyHosts" value="local|*.local|169.254/16|*.169.254/16"/>
    <property name="surefire.test.class.path" value="/Users/arisahazriaty/eclipse-workspace/BigProject-Cicle/BigProject/target/test-classes:/Users/arisahazriaty/eclipse-workspace/BigProject-Cicle/BigProject/target/classes:/Users/arisahazriaty/.m2/repository/info/cukes/cucumber-java/1.2.5/cucumber-java-1.2.5.jar:/Users/arisahazriaty/.m2/repository/info/cukes/cucumber-core/1.2.5/cucumber-core-1.2.5.jar:/Users/arisahazriaty/.m2/repository/info/cukes/cucumber-html/0.2.3/cucumber-html-0.2.3.jar:/Users/arisahazriaty/.m2/repository/info/cukes/cucumber-jvm-deps/1.0.5/cucumber-jvm-deps-1.0.5.jar:/Users/arisahazriaty/.m2/repository/info/cukes/gherkin/2.12.2/gherkin-2.12.2.jar:/Users/arisahazriaty/.m2/repository/info/cukes/cucumber-junit/1.2.5/cucumber-junit-1.2.5.jar:/Users/arisahazriaty/.m2/repository/org/seleniumhq/selenium/selenium-java/3.141.59/selenium-java-3.141.59.jar:/Users/arisahazriaty/.m2/repository/org/seleniumhq/selenium/selenium-api/3.141.59/selenium-api-3.141.59.jar:/Users/arisahazriaty/.m2/repository/org/seleniumhq/selenium/selenium-chrome-driver/3.141.59/selenium-chrome-driver-3.141.59.jar:/Users/arisahazriaty/.m2/repository/org/seleniumhq/selenium/selenium-edge-driver/3.141.59/selenium-edge-driver-3.141.59.jar:/Users/arisahazriaty/.m2/repository/org/seleniumhq/selenium/selenium-firefox-driver/3.141.59/selenium-firefox-driver-3.141.59.jar:/Users/arisahazriaty/.m2/repository/org/seleniumhq/selenium/selenium-ie-driver/3.141.59/selenium-ie-driver-3.141.59.jar:/Users/arisahazriaty/.m2/repository/org/seleniumhq/selenium/selenium-opera-driver/3.141.59/selenium-opera-driver-3.141.59.jar:/Users/arisahazriaty/.m2/repository/org/seleniumhq/selenium/selenium-remote-driver/3.141.59/selenium-remote-driver-3.141.59.jar:/Users/arisahazriaty/.m2/repository/org/seleniumhq/selenium/selenium-safari-driver/3.141.59/selenium-safari-driver-3.141.59.jar:/Users/arisahazriaty/.m2/repository/org/seleniumhq/selenium/selenium-support/3.141.59/selenium-support-3.141.59.jar:/Users/arisahazriaty/.m2/repository/net/bytebuddy/byte-buddy/1.8.15/byte-buddy-1.8.15.jar:/Users/arisahazriaty/.m2/repository/org/apache/commons/commons-exec/1.3/commons-exec-1.3.jar:/Users/arisahazriaty/.m2/repository/com/google/guava/guava/25.0-jre/guava-25.0-jre.jar:/Users/arisahazriaty/.m2/repository/com/google/code/findbugs/jsr305/1.3.9/jsr305-1.3.9.jar:/Users/arisahazriaty/.m2/repository/org/checkerframework/checker-compat-qual/2.0.0/checker-compat-qual-2.0.0.jar:/Users/arisahazriaty/.m2/repository/com/google/errorprone/error_prone_annotations/2.1.3/error_prone_annotations-2.1.3.jar:/Users/arisahazriaty/.m2/repository/com/google/j2objc/j2objc-annotations/1.1/j2objc-annotations-1.1.jar:/Users/arisahazriaty/.m2/repository/org/codehaus/mojo/animal-sniffer-annotations/1.14/animal-sniffer-annotations-1.14.jar:/Users/arisahazriaty/.m2/repository/com/squareup/okhttp3/okhttp/3.11.0/okhttp-3.11.0.jar:/Users/arisahazriaty/.m2/repository/com/squareup/okio/okio/1.14.0/okio-1.14.0.jar:/Users/arisahazriaty/.m2/repository/junit/junit/4.13.1/junit-4.13.1.jar:/Users/arisahazriaty/.m2/repository/org/hamcrest/hamcrest-core/1.3/hamcrest-core-1.3.jar:/Users/arisahazriaty/.m2/repository/org/apache/logging/log4j/log4j-core/2.14.0/log4j-core-2.14.0.jar:/Users/arisahazriaty/.m2/repository/org/apache/logging/log4j/log4j-api/2.14.0/log4j-api-2.14.0.jar:/Users/arisahazriaty/.m2/repository/org/apache/poi/poi-ooxml/3.9/poi-ooxml-3.9.jar:/Users/arisahazriaty/.m2/repository/org/apache/poi/poi-ooxml-schemas/3.9/poi-ooxml-schemas-3.9.jar:/Users/arisahazriaty/.m2/repository/org/apache/xmlbeans/xmlbeans/2.3.0/xmlbeans-2.3.0.jar:/Users/arisahazriaty/.m2/repository/stax/stax-api/1.0.1/stax-api-1.0.1.jar:/Users/arisahazriaty/.m2/repository/dom4j/dom4j/1.6.1/dom4j-1.6.1.jar:/Users/arisahazriaty/.m2/repository/org/apache/poi/poi/5.0.0/poi-5.0.0.jar:/Users/arisahazriaty/.m2/repository/org/slf4j/slf4j-api/1.7.30/slf4j-api-1.7.30.jar:/Users/arisahazriaty/.m2/repository/org/slf4j/jcl-over-slf4j/1.7.30/jcl-over-slf4j-1.7.30.jar:/Users/arisahazriaty/.m2/repository/commons-codec/commons-codec/1.15/commons-codec-1.15.jar:/Users/arisahazriaty/.m2/repository/org/apache/commons/commons-collections4/4.4/commons-collections4-4.4.jar:/Users/arisahazriaty/.m2/repository/org/apache/commons/commons-math3/3.6.1/commons-math3-3.6.1.jar:/Users/arisahazriaty/.m2/repository/com/zaxxer/SparseBitSet/1.2/SparseBitSet-1.2.jar:/Users/arisahazriaty/.m2/repository/xml-apis/xml-apis/1.0.b2/xml-apis-1.0.b2.jar:/Users/arisahazriaty/.m2/repository/xerces/xercesImpl/2.12.1/xercesImpl-2.12.1.jar:/Users/arisahazriaty/.m2/repository/com/github/javafaker/javafaker/1.0.2/javafaker-1.0.2.jar:/Users/arisahazriaty/.m2/repository/org/apache/commons/commons-lang3/3.5/commons-lang3-3.5.jar:/Users/arisahazriaty/.m2/repository/org/yaml/snakeyaml/1.23/snakeyaml-1.23-android.jar:/Users/arisahazriaty/.m2/repository/com/github/mifmif/generex/1.0.2/generex-1.0.2.jar:/Users/arisahazriaty/.m2/repository/dk/brics/automaton/automaton/1.11-8/automaton-1.11-8.jar:/Users/arisahazriaty/.m2/repository/net/masterthought/cucumber-reporting/1.0.0/cucumber-reporting-1.0.0.jar:/Users/arisahazriaty/.m2/repository/com/google/code/gson/gson/2.4/gson-2.4.jar:/Users/arisahazriaty/.m2/repository/org/apache/velocity/velocity/1.7/velocity-1.7.jar:/Users/arisahazriaty/.m2/repository/commons-collections/commons-collections/3.2.1/commons-collections-3.2.1.jar:/Users/arisahazriaty/.m2/repository/commons-lang/commons-lang/2.4/commons-lang-2.4.jar:/Users/arisahazriaty/.m2/repository/velocity-tools/velocity-tools/1.4/velocity-tools-1.4.jar:/Users/arisahazriaty/.m2/repository/joda-time/joda-time/2.9.1/joda-time-2.9.1.jar:/Users/arisahazriaty/.m2/repository/commons-io/commons-io/2.4/commons-io-2.4.jar:/Users/arisahazriaty/.m2/repository/net/lingala/zip4j/zip4j/1.3.2/zip4j-1.3.2.jar:/Users/arisahazriaty/.m2/repository/org/apache/maven/plugins/maven-gpg-plugin/1.6/maven-gpg-plugin-1.6.jar:/Users/arisahazriaty/.m2/repository/org/apache/maven/maven-plugin-api/2.2.1/maven-plugin-api-2.2.1.jar:/Users/arisahazriaty/.m2/repository/org/apache/maven/maven-project/2.2.1/maven-project-2.2.1.jar:/Users/arisahazriaty/.m2/repository/org/apache/maven/maven-settings/2.2.1/maven-settings-2.2.1.jar:/Users/arisahazriaty/.m2/repository/org/apache/maven/maven-profile/2.2.1/maven-profile-2.2.1.jar:/Users/arisahazriaty/.m2/repository/org/apache/maven/maven-artifact-manager/2.2.1/maven-artifact-manager-2.2.1.jar:/Users/arisahazriaty/.m2/repository/org/apache/maven/wagon/wagon-provider-api/1.0-beta-6/wagon-provider-api-1.0-beta-6.jar:/Users/arisahazriaty/.m2/repository/backport-util-concurrent/backport-util-concurrent/3.1/backport-util-concurrent-3.1.jar:/Users/arisahazriaty/.m2/repository/org/apache/maven/maven-plugin-registry/2.2.1/maven-plugin-registry-2.2.1.jar:/Users/arisahazriaty/.m2/repository/org/codehaus/plexus/plexus-interpolation/1.11/plexus-interpolation-1.11.jar:/Users/arisahazriaty/.m2/repository/org/codehaus/plexus/plexus-container-default/1.0-alpha-9-stable-1/plexus-container-default-1.0-alpha-9-stable-1.jar:/Users/arisahazriaty/.m2/repository/classworlds/classworlds/1.1-alpha-2/classworlds-1.1-alpha-2.jar:/Users/arisahazriaty/.m2/repository/org/apache/maven/maven-artifact/2.2.1/maven-artifact-2.2.1.jar:/Users/arisahazriaty/.m2/repository/org/apache/maven/maven-repository-metadata/2.2.1/maven-repository-metadata-2.2.1.jar:/Users/arisahazriaty/.m2/repository/org/apache/maven/maven-model/2.2.1/maven-model-2.2.1.jar:/Users/arisahazriaty/.m2/repository/org/codehaus/plexus/plexus-utils/3.0.20/plexus-utils-3.0.20.jar:/Users/arisahazriaty/.m2/repository/org/sonatype/plexus/plexus-sec-dispatcher/1.4/plexus-sec-dispatcher-1.4.jar:/Users/arisahazriaty/.m2/repository/org/sonatype/plexus/plexus-cipher/1.4/plexus-cipher-1.4.jar:/Users/arisahazriaty/.m2/repository/org/jsoup/jsoup/1.8.3/jsoup-1.8.3.jar:"/>
    <property name="sun.cpu.endian" value="little"/>
    <property name="user.home" value="/Users/arisahazriaty"/>
    <property name="user.language" value="en"/>
    <property name="java.specification.vendor" value="Oracle Corporation"/>
    <property name="java.home" value="/Library/Java/JavaVirtualMachines/jdk1.8.0_221.jdk/Contents/Home/jre"/>
    <property name="basedir" value="/Users/arisahazriaty/eclipse-workspace/BigProject-Cicle/BigProject"/>
    <property name="file.separator" value="/"/>
    <property name="line.separator" value="&#10;"/>
    <property name="java.vm.specification.vendor" value="Oracle Corporation"/>
    <property name="java.specification.name" value="Java Platform API Specification"/>
    <property name="java.awt.graphicsenv" value="sun.awt.CGraphicsEnvironment"/>
    <property name="surefire.real.class.path" value="/Users/arisahazriaty/eclipse-workspace/BigProject-Cicle/BigProject/target/surefire/surefirebooter4731344209381573623.jar"/>
    <property name="sun.boot.class.path" value="/Library/Java/JavaVirtualMachines/jdk1.8.0_221.jdk/Contents/Home/jre/lib/resources.jar:/Library/Java/JavaVirtualMachines/jdk1.8.0_221.jdk/Contents/Home/jre/lib/rt.jar:/Library/Java/JavaVirtualMachines/jdk1.8.0_221.jdk/Contents/Home/jre/lib/sunrsasign.jar:/Library/Java/JavaVirtualMachines/jdk1.8.0_221.jdk/Contents/Home/jre/lib/jsse.jar:/Library/Java/JavaVirtualMachines/jdk1.8.0_221.jdk/Contents/Home/jre/lib/jce.jar:/Library/Java/JavaVirtualMachines/jdk1.8.0_221.jdk/Contents/Home/jre/lib/charsets.jar:/Library/Java/JavaVirtualMachines/jdk1.8.0_221.jdk/Contents/Home/jre/lib/jfr.jar:/Library/Java/JavaVirtualMachines/jdk1.8.0_221.jdk/Contents/Home/jre/classes"/>
    <property name="sun.management.compiler" value="HotSpot 64-Bit Tiered Compilers"/>
    <property name="ftp.nonProxyHosts" value="local|*.local|169.254/16|*.169.254/16"/>
    <property name="java.runtime.version" value="1.8.0_221-b11"/>
    <property name="user.name" value="arisahazriaty"/>
    <property name="path.separator" value=":"/>
    <property name="os.version" value="10.15.5"/>
    <property name="java.endorsed.dirs" value="/Library/Java/JavaVirtualMachines/jdk1.8.0_221.jdk/Contents/Home/jre/lib/endorsed"/>
    <property name="java.runtime.name" value="Java(TM) SE Runtime Environment"/>
    <property name="file.encoding" value="UTF-8"/>
    <property name="java.vm.name" value="Java HotSpot(TM) 64-Bit Server VM"/>
    <property name="localRepository" value="/Users/arisahazriaty/.m2/repository"/>
    <property name="java.vendor.url.bug" value="http://bugreport.sun.com/bugreport/"/>
    <property name="java.io.tmpdir" value="/var/folders/r9/x26cy6x527l7hmrdgktfnhk80000gp/T/"/>
    <property name="java.version" value="1.8.0_221"/>
    <property name="user.dir" value="/Users/arisahazriaty/eclipse-workspace/BigProject-Cicle/BigProject"/>
    <property name="os.arch" value="x86_64"/>
    <property name="java.vm.specification.name" value="Java Virtual Machine Specification"/>
    <property name="java.awt.printerjob" value="sun.lwawt.macosx.CPrinterJob"/>
    <property name="sun.os.patch.level" value="unknown"/>
    <property name="java.library.path" value="/Users/arisahazriaty/Library/Java/Extensions:/Library/Java/Extensions:/Network/Library/Java/Extensions:/System/Library/Java/Extensions:/usr/lib/java:."/>
    <property name="java.vm.info" value="mixed mode"/>
    <property name="java.vendor" value="Oracle Corporation"/>
    <property name="java.vm.version" value="25.221-b11"/>
    <property name="java.ext.dirs" value="/Users/arisahazriaty/Library/Java/Extensions:/Library/Java/JavaVirtualMachines/jdk1.8.0_221.jdk/Contents/Home/jre/lib/ext:/Library/Java/Extensions:/Network/Library/Java/Extensions:/System/Library/Java/Extensions:/usr/lib/java"/>
    <property name="sun.io.unicode.encoding" value="UnicodeBig"/>
    <property name="java.class.version" value="52.0"/>
    <property name="socksNonProxyHosts" value="local|*.local|169.254/16|*.169.254/16"/>
  </properties>
  <testcase name="Given User on the Board page" classname="| Testing Add Card Name |" time="0.009"/>
  <testcase name="And User Added &quot;Testing Add Card Name&quot; as card name" classname="| Testing Add Card Name |" time="0.002"/>
  <testcase name="Then The User get message Notification success" classname="| Testing Add Card Name |" time="0"/>
  <testcase name="| Testing Add Card Name |" classname="| Testing Add Card Name |" time="0.579"/>
  <testcase name="Given User access Board page" classname="| Ready for Production |" time="0"/>
  <testcase name="And User Add List &quot;Ready for Production&quot; Board" classname="| Ready for Production |" time="0"/>
  <testcase name="And User Click Save button" classname="| Ready for Production |" time="0"/>
  <testcase name="Then User successfully to Add list Board" classname="| Ready for Production |" time="0"/>
  <testcase name="| Ready for Production |" classname="| Ready for Production |" time="0.502"/>
  <testcase name="Given User want to add Comment in a board" classname="| Testing Add New Comment |" time="0"/>
  <testcase name="And User choose cardname will be add to comment" classname="| Testing Add New Comment |" time="0"/>
  <testcase name="When User put &quot;Testing Add New Comment&quot; the comments" classname="| Testing Add New Comment |" time="0"/>
  <testcase name="And User Click Save Button" classname="| Testing Add New Comment |" time="0"/>
  <testcase name="Then User get Message Success" classname="| Testing Add New Comment |" time="0"/>
  <testcase name="| Testing Add New Comment |" classname="| Testing Add New Comment |" time="0.582"/>
  <testcase name="Given User already on the Dashboard Page" classname="| Halo Ini Arisa testing Lagi |" time="0"/>
  <testcase name="When User Input &quot;Halo Ini Arisa testing Lagi&quot; in Group Chat" classname="| Halo Ini Arisa testing Lagi |" time="0"/>
  <testcase name="And User click Send Button" classname="| Halo Ini Arisa testing Lagi |" time="0.003"/>
  <testcase name="Then User success send chat and see the last chat" classname="| Halo Ini Arisa testing Lagi |" time="0"/>
  <testcase name="| Halo Ini Arisa testing Lagi |" classname="| Halo Ini Arisa testing Lagi |" time="0.538"/>
  <testcase name="Given User on the Board Page" classname="| Blast Testing | Testing Blast Messages | 2021/10/25 | 01:00 AM |" time="0"/>
  <testcase name="When User go to Blast Page" classname="| Blast Testing | Testing Blast Messages | 2021/10/25 | 01:00 AM |" time="0.001"/>
  <testcase name="And User type a &quot;Blast Testing&quot; as Title and User set &quot;Testing Blast Messages&quot; as Story" classname="| Blast Testing | Testing Blast Messages | 2021/10/25 | 01:00 AM |" time="0"/>
  <testcase name="Then User set &quot;2021/10/25&quot; and set  &quot;01:00 AM&quot; time" classname="| Blast Testing | Testing Blast Messages | 2021/10/25 | 01:00 AM |" time="0"/>
  <testcase name="And User Publish the Blast Message" classname="| Blast Testing | Testing Blast Messages | 2021/10/25 | 01:00 AM |" time="0"/>
  <testcase name="Then User see List Blast" classname="| Blast Testing | Testing Blast Messages | 2021/10/25 | 01:00 AM |" time="0"/>
  <testcase name="| Blast Testing | Testing Blast Messages | 2021/10/25 | 01:00 AM |" classname="| Blast Testing | Testing Blast Messages | 2021/10/25 | 01:00 AM |" time="0.62"/>
  <testcase name="Given User on the Board Page" classname="| Moving card is success |" time="0"/>
  <testcase name="When User select Card will be move" classname="| Moving card is success |" time="0"/>
  <testcase name="And User move the card to Todo list board" classname="| Moving card is success |" time="0"/>
  <testcase name="Then User successfully to Moved Card" classname="| Moving card is success |" time="0"/>
  <testcase name="| Moving card is success |" classname="| Moving card is success |" time="0.652"/>
  <testcase name="Given User on the Boards page" classname="Scenario: User Add Card Name but Name card is Empty" time="0.001"/>
  <testcase name="And User Add Card Name but the name is Empty" classname="Scenario: User Add Card Name but Name card is Empty" time="0"/>
  <testcase name="Then The User get message Card name cannot be empty" classname="Scenario: User Add Card Name but Name card is Empty" time="0"/>
  <testcase name="Scenario: User Add Card Name but Name card is Empty" classname="Scenario: User Add Card Name but Name card is Empty" time="0.569"/>
  <testcase name="Given User on Boards Page" classname="Scenario: User wants to Blast Message but empty all Mandatory Fields" time="0"/>
  <testcase name="When User Open the Blast Page" classname="Scenario: User wants to Blast Message but empty all Mandatory Fields" time="0"/>
  <testcase name="And User Publish the Blast Message" classname="Scenario: User wants to Blast Message but empty all Mandatory Fields" time="0"/>
  <testcase name="Then User get message Field parameter not complete" classname="Scenario: User wants to Blast Message but empty all Mandatory Fields" time="0.001"/>
  <testcase name="Scenario: User wants to Blast Message but empty all Mandatory Fields" classname="Scenario: User wants to Blast Message but empty all Mandatory Fields" time="0.596"/>
  <testcase name="Given User has the Dashboard Page" classname="| fileCSV.csv |" time="0.001"/>
  <testcase name="When User Attached &quot;fileCSV.csv&quot; as files in Group Chat" classname="| fileCSV.csv |" time="0"/>
  <testcase name="Then User unssuccessfully send file to Group Chat" classname="| fileCSV.csv |" time="0"/>
  <testcase name="| fileCSV.csv |" classname="| fileCSV.csv |" time="0.617"/>
  <testcase name="Given User has the Dashboard Page" classname="| fileAPK.apk |" time="0"/>
  <testcase name="When User Attached &quot;fileAPK.apk&quot; as files in Group Chat" classname="| fileAPK.apk |" time="0"/>
  <testcase name="Then User unssuccessfully send file to Group Chat" classname="| fileAPK.apk |" time="0"/>
  <testcase name="| fileAPK.apk |" classname="| fileAPK.apk |" time="0.604"/>
  <testcase name="Given User access the Dashboard Page" classname="Scenario: User send Files to Group Chat" time="0"/>
  <testcase name="When User Attached &quot;testingfilePDF.pdf&quot; as image in Group Chat" classname="Scenario: User send Files to Group Chat" time="0"/>
  <testcase name="Then User success send image and see the last image" classname="Scenario: User send Files to Group Chat" time="0"/>
  <testcase name="Scenario: User send Files to Group Chat" classname="Scenario: User send Files to Group Chat" time="0.724"/>
</testsuite>